<?xml version="1.0" encoding="UTF-8"?>
<!-- Generated by org.testng.reporters.JUnitReportReporter -->
<testsuite skipped="0" hostname="VIKASSUM01" name="com.crm.qa.util.TestUtil" tests="1" failures="0" timestamp="13 Nov 2018 15:26:10 GMT" time="0.845" errors="0">
  <testcase name="test" time="0.845" classname="com.crm.qa.util.TestUtil"/>
</testsuite> <!-- com.crm.qa.util.TestUtil -->
