<?xml version="1.0" encoding="UTF-8"?>
<!-- Generated by org.testng.reporters.JUnitReportReporter -->
<testsuite skipped="0" hostname="VIKASSUM01" name="com.crm.qa.test.HomePageTest" tests="4" failures="0" timestamp="19 Nov 2018 14:10:04 GMT" time="78.542" errors="0">
  <testcase name="validateUserName" time="18.579" classname="com.crm.qa.test.HomePageTest"/>
  <testcase name="validateLogOut" time="20.644" classname="com.crm.qa.test.HomePageTest"/>
  <testcase name="goToContantPage" time="19.253" classname="com.crm.qa.test.HomePageTest"/>
  <testcase name="setMonth" time="20.066" classname="com.crm.qa.test.HomePageTest"/>
</testsuite> <!-- com.crm.qa.test.HomePageTest -->
