<?xml version="1.0" encoding="UTF-8"?>
<!-- Generated by org.testng.reporters.JUnitReportReporter -->
<testsuite skipped="0" hostname="VIKASSUM01" name="com.crm.qa.base.TestBase" tests="1" failures="0" timestamp="08 Nov 2018 13:42:59 GMT" time="9.131" errors="0">
  <testcase name="intialinzation" time="9.131" classname="com.crm.qa.base.TestBase"/>
</testsuite> <!-- com.crm.qa.base.TestBase -->
